
> test:e2e:beta-owner-launch
> playwright test --config playwright.owner-launch.config.ts


Running 2 tests using 1 worker

  ✘  1 tests/e2e/beta-owner-launch.spec.ts:30:5 › desktop owner launch routes (2.3s)
  ✘  2 tests/e2e/beta-owner-launch.spec.ts:66:5 › mobile owner launch routes (28ms)


  1) tests/e2e/beta-owner-launch.spec.ts:30:5 › desktop owner launch routes ────────────────────────

    Error: apiRequestContext.post: connect ECONNREFUSED 127.0.0.1:3001
    Call log:
    [2m  - → POST http://127.0.0.1:3001/api/projects/intake[22m
    [2m    - user-agent: Playwright/1.59.1 (x64; ubuntu 24.04) node/24.14[22m
    [2m    - accept: */*[22m
    [2m    - accept-encoding: gzip,deflate,br[22m
    [2m    - Authorization: Bearer dev-api-token[22m
    [2m    - Content-Type: application/json[22m
    [2m    - content-length: 165[22m


       9 |
      10 | async function createProject(request: APIRequestContext, suffix: string) {
    > 11 |   const intake = await request.post(`${API_BASE_URL}/api/projects/intake`, {
         |                                ^
      12 |     headers: {
      13 |       Authorization: `Bearer ${TOKEN}`,
      14 |       "Content-Type": "application/json",
        at createProject (/workspaces/Botomatic/tests/e2e/beta-owner-launch.spec.ts:11:32)
        at /workspaces/Botomatic/tests/e2e/beta-owner-launch.spec.ts:31:27

    Error Context: test-results/beta-owner-launch-desktop-owner-launch-routes/error-context.md

  2) tests/e2e/beta-owner-launch.spec.ts:66:5 › mobile owner launch routes ─────────────────────────

    Error: apiRequestContext.post: connect ECONNREFUSED 127.0.0.1:3001
    Call log:
    [2m  - → POST http://127.0.0.1:3001/api/projects/intake[22m
    [2m    - user-agent: Playwright/1.59.1 (x64; ubuntu 24.04) node/24.14[22m
    [2m    - accept: */*[22m
    [2m    - accept-encoding: gzip,deflate,br[22m
    [2m    - Authorization: Bearer dev-api-token[22m
    [2m    - Content-Type: application/json[22m
    [2m    - content-length: 163[22m


       9 |
      10 | async function createProject(request: APIRequestContext, suffix: string) {
    > 11 |   const intake = await request.post(`${API_BASE_URL}/api/projects/intake`, {
         |                                ^
      12 |     headers: {
      13 |       Authorization: `Bearer ${TOKEN}`,
      14 |       "Content-Type": "application/json",
        at createProject (/workspaces/Botomatic/tests/e2e/beta-owner-launch.spec.ts:11:32)
        at /workspaces/Botomatic/tests/e2e/beta-owner-launch.spec.ts:67:27

    Error Context: test-results/beta-owner-launch-mobile-owner-launch-routes/error-context.md

  2 failed
    tests/e2e/beta-owner-launch.spec.ts:30:5 › desktop owner launch routes ─────────────────────────
    tests/e2e/beta-owner-launch.spec.ts:66:5 › mobile owner launch routes ──────────────────────────
