✓ Closed pull request skylersemailaddress-debug/Botomatic#518 (Packet proj_1777648640469-m1-p1)
✓ Closed pull request skylersemailaddress-debug/Botomatic#517 (Packet proj_1777648640434-m1-p1)
✓ Closed pull request skylersemailaddress-debug/Botomatic#516 (Packet proj_1777648640447-m1-p1)
✓ Closed pull request skylersemailaddress-debug/Botomatic#515 (Packet proj_1777648640270-m1-p1)
✓ Closed pull request skylersemailaddress-debug/Botomatic#514 (Packet proj_1777648640029-m1-p1)
remaining_packet_to_close=290
xargs: warning: options --max-args and --replace/-I/-i are mutually exclusive, ignoring previous --max-args value
✓ Closed pull request skylersemailaddress-debug/Botomatic#458 (Packet proj_1777651937420_twmq02-m1-p1)
✓ Closed pull request skylersemailaddress-debug/Botomatic#457 (Packet proj_1777651934398_etut8n-m1-p1)
✓ Closed pull request skylersemailaddress-debug/Botomatic#454 (Packet proj_1777651934037_mstjwr-m1-p1)
✓ Closed pull request skylersemailaddress-debug/Botomatic#444 (Packet proj_1777651929578_98pd72-m1-p1)
✓ Closed pull request skylersemailaddress-debug/Botomatic#449 (Packet proj_1777651929797_xbefls-m1-p1)
✓ Closed pull request skylersemailaddress-debug/Botomatic#456 (Packet proj_1777651934259_yuznlv-m1-p1)
✓ Closed pull request skylersemailaddress-debug/Botomatic#455 (Packet proj_1777651934228_t1bi9c-m1-p1)
✓ Closed pull request skylersemailaddress-debug/Botomatic#453 (Packet proj_1777651933856_bfxsvj-m1-p1)
✓ Closed pull request skylersemailaddress-debug/Botomatic#448 (Packet proj_1777651930059_rxjxco-m1-p1)
✓ Closed pull request skylersemailaddress-debug/Botomatic#446 (Packet proj_1777651929788_xy8cas-m1-p1)
✓ Closed pull request skylersemailaddress-debug/Botomatic#445 (Packet proj_1777651929270_pzo9ao-m1-p1)
✓ Closed pull request skylersemailaddress-debug/Botomatic#447 (Packet proj_1777651929818_x3wbmg-m1-p1)
✓ Closed pull request skylersemailaddress-debug/Botomatic#450 (Packet proj_1777651933673_ofnxsu-m1-p1)
✓ Closed pull request skylersemailaddress-debug/Botomatic#443 (Packet proj_1777651929386_n7q9pm-m1-p1)
✓ Closed pull request skylersemailaddress-debug/Botomatic#452 (Packet proj_1777651933711_cbieqp-m1-p1)
✓ Closed pull request skylersemailaddress-debug/Botomatic#442 (Packet proj_1777651929212_mgg5ey-m1-p1)
✓ Closed pull request skylersemailaddress-debug/Botomatic#451 (Packet proj_1777651933476_ro3ioo-m1-p1)
✓ Closed pull request skylersemailaddress-debug/Botomatic#441 (Packet proj_1777651920227_jitgfe-m1-p1)
✓ Closed pull request skylersemailaddress-debug/Botomatic#440 (Packet proj_1777651920228_7s1w1n-m1-p1)
remaining_packet_to_close=269
✓ Closed pull request skylersemailaddress-debug/Botomatic#435 (Packet proj_1777651920223_aeikn4-m1-p1)
✓ Closed pull request skylersemailaddress-debug/Botomatic#434 (Packet proj_1777651920230_0k9s6d-m1-p1)
✓ Closed pull request skylersemailaddress-debug/Botomatic#436 (Packet proj_1777651920231_ah0zem-m1-p1)
✓ Closed pull request skylersemailaddress-debug/Botomatic#438 (Packet proj_1777651920226_tdjzlv-m1-p1)
✓ Closed pull request skylersemailaddress-debug/Botomatic#426 (Packet proj_1777648636493-m1-p1)
✓ Closed pull request skylersemailaddress-debug/Botomatic#430 (Packet proj_1777648638459-m1-p1)
✓ Closed pull request skylersemailaddress-debug/Botomatic#422 (Packet proj_1777648633731-m1-p1)
✓ Closed pull request skylersemailaddress-debug/Botomatic#432 (Packet proj_1777648638347-m1-p1)
✓ Closed pull request skylersemailaddress-debug/Botomatic#428 (Packet proj_1777648638235-m1-p1)
✓ Closed pull request skylersemailaddress-debug/Botomatic#427 (Packet proj_1777648637989-m1-p1)
✓ Closed pull request skylersemailaddress-debug/Botomatic#429 (Packet proj_1777648638331-m1-p1)
✓ Closed pull request skylersemailaddress-debug/Botomatic#423 (Packet proj_1777648633898-m1-p1)
✓ Closed pull request skylersemailaddress-debug/Botomatic#431 (Packet proj_1777648638507-m1-p1)
✓ Closed pull request skylersemailaddress-debug/Botomatic#424 (Packet proj_1777648633701-m1-p1)
✓ Closed pull request skylersemailaddress-debug/Botomatic#425 (Packet proj_1777648636486-m1-p1)
✓ Closed pull request skylersemailaddress-debug/Botomatic#421 (Packet proj_1777648633818-m1-p1)
✓ Closed pull request skylersemailaddress-debug/Botomatic#420 (Packet proj_1777648633766-m1-p1)
✓ Closed pull request skylersemailaddress-debug/Botomatic#419 (Packet proj_1777648633588-m1-p1)
✓ Closed pull request skylersemailaddress-debug/Botomatic#417 (Packet proj_1777648632347-m1-p1)
✓ Closed pull request skylersemailaddress-debug/Botomatic#418 (Packet proj_1777648632406-m1-p1)
✓ Closed pull request skylersemailaddress-debug/Botomatic#415 (Packet proj_1777648632217-m1-p1)
✓ Closed pull request skylersemailaddress-debug/Botomatic#412 (Packet proj_1777648631955-m1-p1)
✓ Closed pull request skylersemailaddress-debug/Botomatic#411 (Packet proj_1777648632065-m1-p1)
✓ Closed pull request skylersemailaddress-debug/Botomatic#413 (Packet proj_1777648632216-m1-p1)
✓ Closed pull request skylersemailaddress-debug/Botomatic#416 (Packet proj_1777648632296-m1-p1)
✓ Closed pull request skylersemailaddress-debug/Botomatic#409 (Packet proj_1777648630757-m1-p1)
✓ Closed pull request skylersemailaddress-debug/Botomatic#408 (Packet proj_1777648630524-m1-p1)
✓ Closed pull request skylersemailaddress-debug/Botomatic#405 (Packet proj_1777648630495-m1-p1)
✓ Closed pull request skylersemailaddress-debug/Botomatic#406 (Packet proj_1777648630280-m1-p1)
✓ Closed pull request skylersemailaddress-debug/Botomatic#414 (Packet proj_1777648631976-m1-p1)
✓ Closed pull request skylersemailaddress-debug/Botomatic#407 (Packet proj_1777648630458-m1-p1)
✓ Closed pull request skylersemailaddress-debug/Botomatic#404 (Packet proj_1777648630389-m1-p1)
✓ Closed pull request skylersemailaddress-debug/Botomatic#410 (Packet proj_1777648630640-m1-p1)
✓ Closed pull request skylersemailaddress-debug/Botomatic#402 (Packet proj_1777648628914-m1-p1)
✓ Closed pull request skylersemailaddress-debug/Botomatic#400 (Packet proj_1777648628916-m1-p1)
✓ Closed pull request skylersemailaddress-debug/Botomatic#401 (Packet proj_1777648628888-m1-p1)
✓ Closed pull request skylersemailaddress-debug/Botomatic#403 (Packet proj_1777648630276-m1-p1)
✓ Closed pull request skylersemailaddress-debug/Botomatic#399 (Packet proj_1777648628839-m1-p1)
✓ Closed pull request skylersemailaddress-debug/Botomatic#397 (Packet proj_1777648628739-m1-p1)
✓ Closed pull request skylersemailaddress-debug/Botomatic#398 (Packet proj_1777648628724-m1-p1)
✓ Closed pull request skylersemailaddress-debug/Botomatic#395 (Packet proj_1777648628397-m1-p1)
✓ Closed pull request skylersemailaddress-debug/Botomatic#396 (Packet proj_1777648628727-m1-p1)
✓ Closed pull request skylersemailaddress-debug/Botomatic#393 (Packet proj_1777648626791-m1-p1)
✓ Closed pull request skylersemailaddress-debug/Botomatic#392 (Packet proj_1777648626886-m1-p1)
✓ Closed pull request skylersemailaddress-debug/Botomatic#394 (Packet proj_1777648626783-m1-p1)
✓ Closed pull request skylersemailaddress-debug/Botomatic#391 (Packet proj_1777648626778-m1-p1)
✓ Closed pull request skylersemailaddress-debug/Botomatic#390 (Packet proj_1777648626597-m1-p1)
✓ Closed pull request skylersemailaddress-debug/Botomatic#387 (Packet proj_1777648626498-m1-p1)
✓ Closed pull request skylersemailaddress-debug/Botomatic#389 (Packet proj_1777648626841-m1-p1)
✓ Closed pull request skylersemailaddress-debug/Botomatic#384 (Packet proj_1777648624772-m1-p1)
✓ Closed pull request skylersemailaddress-debug/Botomatic#388 (Packet proj_1777648626400-m1-p1)
✓ Closed pull request skylersemailaddress-debug/Botomatic#383 (Packet proj_1777648624807-m1-p1)
✓ Closed pull request skylersemailaddress-debug/Botomatic#386 (Packet proj_1777648624910-m1-p1)
✓ Closed pull request skylersemailaddress-debug/Botomatic#385 (Packet proj_1777648624866-m1-p1)
✓ Closed pull request skylersemailaddress-debug/Botomatic#382 (Packet proj_1777648624609-m1-p1)
✓ Closed pull request skylersemailaddress-debug/Botomatic#380 (Packet proj_1777648624686-m1-p1)
✓ Closed pull request skylersemailaddress-debug/Botomatic#379 (Packet proj_1777648624541-m1-p1)
✓ Closed pull request skylersemailaddress-debug/Botomatic#378 (Packet proj_1777648622863-m1-p1)
✓ Closed pull request skylersemailaddress-debug/Botomatic#375 (Packet proj_1777648622864-m1-p1)
✓ Closed pull request skylersemailaddress-debug/Botomatic#377 (Packet proj_1777648622810-m1-p1)
✓ Closed pull request skylersemailaddress-debug/Botomatic#381 (Packet proj_1777648624865-m1-p1)
✓ Closed pull request skylersemailaddress-debug/Botomatic#376 (Packet proj_1777648622700-m1-p1)
✓ Closed pull request skylersemailaddress-debug/Botomatic#374 (Packet proj_1777648622749-m1-p1)
✓ Closed pull request skylersemailaddress-debug/Botomatic#373 (Packet proj_1777648622758-m1-p1)
✓ Closed pull request skylersemailaddress-debug/Botomatic#370 (Packet proj_1777648619706-m1-p1)
✓ Closed pull request skylersemailaddress-debug/Botomatic#372 (Packet proj_1777648622712-m1-p1)
✓ Closed pull request skylersemailaddress-debug/Botomatic#368 (Packet proj_1777648619697-m1-p1)
✓ Closed pull request skylersemailaddress-debug/Botomatic#371 (Packet proj_1777648622665-m1-p1)
✓ Closed pull request skylersemailaddress-debug/Botomatic#369 (Packet proj_1777648619702-m1-p1)
✓ Closed pull request skylersemailaddress-debug/Botomatic#367 (Packet proj_1777648619704-m1-p1)
✓ Closed pull request skylersemailaddress-debug/Botomatic#365 (Packet proj_1777648619692-m1-p1)
✓ Closed pull request skylersemailaddress-debug/Botomatic#364 (Packet proj_1777648619699-m1-p1)
✓ Closed pull request skylersemailaddress-debug/Botomatic#366 (Packet proj_1777648619696-m1-p1)
✓ Closed pull request skylersemailaddress-debug/Botomatic#362 (Packet proj_1777645510473-m1-p1)
GraphQL: was submitted too quickly (addComment)
✓ Closed pull request skylersemailaddress-debug/Botomatic#363 (Packet proj_1777648619710-m1-p1)
✓ Closed pull request skylersemailaddress-debug/Botomatic#359 (Packet proj_1777645509588-m1-p1)
✓ Closed pull request skylersemailaddress-debug/Botomatic#360 (Packet proj_1777645509652-m1-p1)
✓ Closed pull request skylersemailaddress-debug/Botomatic#358 (Packet proj_1777645509506-m1-p1)
GraphQL: was submitted too quickly (addComment)
GraphQL: was submitted too quickly (addComment)
GraphQL: was submitted too quickly (addComment)
✓ Closed pull request skylersemailaddress-debug/Botomatic#361 (Packet proj_1777645510459-m1-p1)
GraphQL: was submitted too quickly (addComment)
GraphQL: was submitted too quickly (addComment)
GraphQL: was submitted too quickly (addComment)
✓ Closed pull request skylersemailaddress-debug/Botomatic#357 (Packet proj_1777645509472-m1-p1)
GraphQL: was submitted too quickly (addComment)
GraphQL: was submitted too quickly (addComment)
GraphQL: was submitted too quickly (addComment)
GraphQL: was submitted too quickly (addComment)
GraphQL: was submitted too quickly (addComment)
GraphQL: was submitted too quickly (addComment)
GraphQL: was submitted too quickly (addComment)
GraphQL: was submitted too quickly (addComment)
GraphQL: was submitted too quickly (addComment)
GraphQL: was submitted too quickly (addComment)
GraphQL: was submitted too quickly (addComment)
GraphQL: was submitted too quickly (addComment)
GraphQL: was submitted too quickly (addComment)
GraphQL: was submitted too quickly (addComment)
GraphQL: was submitted too quickly (addComment)
GraphQL: was submitted too quickly (addComment)
GraphQL: was submitted too quickly (addComment)
GraphQL: was submitted too quickly (addComment)
GraphQL: was submitted too quickly (addComment)
GraphQL: was submitted too quickly (addComment)
GraphQL: was submitted too quickly (addComment)
GraphQL: was submitted too quickly (addComment)
GraphQL: was submitted too quickly (addComment)
GraphQL: was submitted too quickly (addComment)
GraphQL: was submitted too quickly (addComment)
GraphQL: was submitted too quickly (addComment)
GraphQL: was submitted too quickly (addComment)
GraphQL: was submitted too quickly (addComment)
GraphQL: was submitted too quickly (addComment)
GraphQL: was submitted too quickly (addComment)
GraphQL: was submitted too quickly (addComment)
GraphQL: was submitted too quickly (addComment)
GraphQL: was submitted too quickly (addComment)
GraphQL: was submitted too quickly (addComment)
GraphQL: was submitted too quickly (addComment)
GraphQL: was submitted too quickly (addComment)
GraphQL: was submitted too quickly (addComment)
GraphQL: was submitted too quickly (addComment)
GraphQL: was submitted too quickly (addComment)
GraphQL: was submitted too quickly (addComment)
GraphQL: was submitted too quickly (addComment)
GraphQL: was submitted too quickly (addComment)
GraphQL: was submitted too quickly (addComment)
GraphQL: was submitted too quickly (addComment)
GraphQL: was submitted too quickly (addComment)
GraphQL: was submitted too quickly (addComment)
GraphQL: was submitted too quickly (addComment)
GraphQL: was submitted too quickly (addComment)
GraphQL: was submitted too quickly (addComment)
GraphQL: was submitted too quickly (addComment)
GraphQL: was submitted too quickly (addComment)
GraphQL: was submitted too quickly (addComment)
GraphQL: was submitted too quickly (addComment)
GraphQL: was submitted too quickly (addComment)
GraphQL: was submitted too quickly (addComment)
GraphQL: was submitted too quickly (addComment)
GraphQL: was submitted too quickly (addComment)
GraphQL: was submitted too quickly (addComment)
GraphQL: was submitted too quickly (addComment)
GraphQL: was submitted too quickly (addComment)
GraphQL: was submitted too quickly (addComment)
GraphQL: was submitted too quickly (addComment)
GraphQL: was submitted too quickly (addComment)
GraphQL: was submitted too quickly (addComment)
GraphQL: was submitted too quickly (addComment)
GraphQL: was submitted too quickly (addComment)
GraphQL: was submitted too quickly (addComment)
GraphQL: was submitted too quickly (addComment)
GraphQL: was submitted too quickly (addComment)
GraphQL: was submitted too quickly (addComment)
GraphQL: was submitted too quickly (addComment)
GraphQL: was submitted too quickly (addComment)
GraphQL: was submitted too quickly (addComment)
GraphQL: was submitted too quickly (addComment)
GraphQL: was submitted too quickly (addComment)
GraphQL: was submitted too quickly (addComment)
GraphQL: was submitted too quickly (addComment)
GraphQL: was submitted too quickly (addComment)
GraphQL: was submitted too quickly (addComment)
GraphQL: was submitted too quickly (addComment)
GraphQL: was submitted too quickly (addComment)
GraphQL: was submitted too quickly (addComment)
GraphQL: was submitted too quickly (addComment)
GraphQL: was submitted too quickly (addComment)
GraphQL: was submitted too quickly (addComment)
GraphQL: was submitted too quickly (addComment)
GraphQL: was submitted too quickly (addComment)
GraphQL: was submitted too quickly (addComment)
GraphQL: was submitted too quickly (addComment)
GraphQL: was submitted too quickly (addComment)
GraphQL: was submitted too quickly (addComment)
GraphQL: was submitted too quickly (addComment)
GraphQL: was submitted too quickly (addComment)
GraphQL: was submitted too quickly (addComment)
GraphQL: was submitted too quickly (addComment)
GraphQL: was submitted too quickly (addComment)
GraphQL: was submitted too quickly (addComment)
GraphQL: was submitted too quickly (addComment)
GraphQL: was submitted too quickly (addComment)
GraphQL: was submitted too quickly (addComment)
GraphQL: was submitted too quickly (addComment)
GraphQL: was submitted too quickly (addComment)
GraphQL: was submitted too quickly (addComment)
GraphQL: was submitted too quickly (addComment)
GraphQL: was submitted too quickly (addComment)
GraphQL: was submitted too quickly (addComment)
GraphQL: was submitted too quickly (addComment)
GraphQL: was submitted too quickly (addComment)
GraphQL: was submitted too quickly (addComment)
GraphQL: was submitted too quickly (addComment)
GraphQL: was submitted too quickly (addComment)
GraphQL: was submitted too quickly (addComment)
GraphQL: was submitted too quickly (addComment)
GraphQL: was submitted too quickly (addComment)
GraphQL: was submitted too quickly (addComment)
GraphQL: was submitted too quickly (addComment)
GraphQL: was submitted too quickly (addComment)
GraphQL: was submitted too quickly (addComment)
GraphQL: was submitted too quickly (addComment)
GraphQL: was submitted too quickly (addComment)
GraphQL: was submitted too quickly (addComment)
GraphQL: was submitted too quickly (addComment)
GraphQL: was submitted too quickly (addComment)
GraphQL: was submitted too quickly (addComment)
GraphQL: was submitted too quickly (addComment)
GraphQL: was submitted too quickly (addComment)
GraphQL: was submitted too quickly (addComment)
GraphQL: was submitted too quickly (addComment)
GraphQL: was submitted too quickly (addComment)
GraphQL: was submitted too quickly (addComment)
GraphQL: was submitted too quickly (addComment)
GraphQL: was submitted too quickly (addComment)
GraphQL: was submitted too quickly (addComment)
GraphQL: was submitted too quickly (addComment)
GraphQL: was submitted too quickly (addComment)
GraphQL: was submitted too quickly (addComment)
GraphQL: was submitted too quickly (addComment)
GraphQL: was submitted too quickly (addComment)
GraphQL: was submitted too quickly (addComment)
GraphQL: was submitted too quickly (addComment)
GraphQL: was submitted too quickly (addComment)
GraphQL: was submitted too quickly (addComment)
GraphQL: was submitted too quickly (addComment)
GraphQL: was submitted too quickly (addComment)
GraphQL: was submitted too quickly (addComment)
GraphQL: was submitted too quickly (addComment)
GraphQL: was submitted too quickly (addComment)
GraphQL: was submitted too quickly (addComment)
GraphQL: was submitted too quickly (addComment)
GraphQL: was submitted too quickly (addComment)
GraphQL: was submitted too quickly (addComment)
GraphQL: was submitted too quickly (addComment)
GraphQL: was submitted too quickly (addComment)
GraphQL: was submitted too quickly (addComment)
GraphQL: was submitted too quickly (addComment)
GraphQL: was submitted too quickly (addComment)
GraphQL: was submitted too quickly (addComment)
GraphQL: was submitted too quickly (addComment)
GraphQL: was submitted too quickly (addComment)
GraphQL: was submitted too quickly (addComment)
GraphQL: was submitted too quickly (addComment)
GraphQL: was submitted too quickly (addComment)
GraphQL: was submitted too quickly (addComment)
GraphQL: was submitted too quickly (addComment)
GraphQL: was submitted too quickly (addComment)
GraphQL: was submitted too quickly (addComment)
GraphQL: was submitted too quickly (addComment)
GraphQL: was submitted too quickly (addComment)
GraphQL: was submitted too quickly (addComment)
GraphQL: was submitted too quickly (addComment)
GraphQL: was submitted too quickly (addComment)
GraphQL: was submitted too quickly (addComment)
GraphQL: was submitted too quickly (addComment)
GraphQL: was submitted too quickly (addComment)
GraphQL: was submitted too quickly (addComment)
GraphQL: was submitted too quickly (addComment)
GraphQL: was submitted too quickly (addComment)
GraphQL: was submitted too quickly (addComment)
GraphQL: was submitted too quickly (addComment)
GraphQL: was submitted too quickly (addComment)
GraphQL: was submitted too quickly (addComment)
GraphQL: was submitted too quickly (addComment)
remaining_packet_to_close_no_comment=189
✓ Closed pull request skylersemailaddress-debug/Botomatic#356 (Packet proj_1777645509042-m1-p1)
✓ Closed pull request skylersemailaddress-debug/Botomatic#355 (Packet proj_1777645509043-m1-p1)
✓ Closed pull request skylersemailaddress-debug/Botomatic#354 (Packet proj_1777645508233-m1-p1)
✓ Closed pull request skylersemailaddress-debug/Botomatic#353 (Packet proj_1777645508229-m1-p1)
✓ Closed pull request skylersemailaddress-debug/Botomatic#352 (Packet proj_1777645507990-m1-p1)
✓ Closed pull request skylersemailaddress-debug/Botomatic#351 (Packet proj_1777645507912-m1-p1)
remaining_packet_to_close_no_comment=183
✓ Closed pull request skylersemailaddress-debug/Botomatic#350 (Packet proj_1777645507542-m1-p1)
✓ Closed pull request skylersemailaddress-debug/Botomatic#349 (Packet proj_1777645507543-m1-p1)
✓ Closed pull request skylersemailaddress-debug/Botomatic#348 (Packet proj_1777645506653-m1-p1)
✓ Closed pull request skylersemailaddress-debug/Botomatic#347 (Packet proj_1777645505611-m1-p1)
✓ Closed pull request skylersemailaddress-debug/Botomatic#346 (Packet proj_1777645505747-m1-p1)
✓ Closed pull request skylersemailaddress-debug/Botomatic#345 (Packet proj_1777645502985-m1-p1)
✓ Closed pull request skylersemailaddress-debug/Botomatic#344 (Packet proj_1777645502788-m1-p1)
✓ Closed pull request skylersemailaddress-debug/Botomatic#343 (Packet proj_1777645502457-m1-p1)
✓ Closed pull request skylersemailaddress-debug/Botomatic#342 (Packet proj_1777645502303-m1-p1)
✓ Closed pull request skylersemailaddress-debug/Botomatic#341 (Packet proj_1777645502274-m1-p1)
✓ Closed pull request skylersemailaddress-debug/Botomatic#340 (Packet proj_1777645501247-m1-p1)
✓ Closed pull request skylersemailaddress-debug/Botomatic#339 (Packet proj_1777645500216-m1-p1)
✓ Closed pull request skylersemailaddress-debug/Botomatic#338 (Packet proj_1777645500011-m1-p1)
✓ Closed pull request skylersemailaddress-debug/Botomatic#337 (Packet proj_1777645499864-m1-p1)
✓ Closed pull request skylersemailaddress-debug/Botomatic#336 (Packet proj_1777645499956-m1-p1)
✓ Closed pull request skylersemailaddress-debug/Botomatic#335 (Packet proj_1777645499981-m1-p1)
✓ Closed pull request skylersemailaddress-debug/Botomatic#334 (Packet proj_1777645499863-m1-p1)
✓ Closed pull request skylersemailaddress-debug/Botomatic#333 (Packet proj_1777645498172-m1-p1)
✓ Closed pull request skylersemailaddress-debug/Botomatic#332 (Packet proj_1777645498015-m1-p1)
✓ Closed pull request skylersemailaddress-debug/Botomatic#331 (Packet proj_1777645497939-m1-p1)
✓ Closed pull request skylersemailaddress-debug/Botomatic#330 (Packet proj_1777645497895-m1-p1)
✓ Closed pull request skylersemailaddress-debug/Botomatic#329 (Packet proj_1777645497903-m1-p1)
✓ Closed pull request skylersemailaddress-debug/Botomatic#328 (Packet proj_1777645497893-m1-p1)
✓ Closed pull request skylersemailaddress-debug/Botomatic#327 (Packet proj_1777645497701-m1-p1)
✓ Closed pull request skylersemailaddress-debug/Botomatic#326 (Packet proj_1777645496450-m1-p1)
✓ Closed pull request skylersemailaddress-debug/Botomatic#325 (Packet proj_1777645493002-m1-p1)
✓ Closed pull request skylersemailaddress-debug/Botomatic#324 (Packet proj_1777645492882-m1-p1)
✓ Closed pull request skylersemailaddress-debug/Botomatic#323 (Packet proj_1777645492983-m1-p1)
✓ Closed pull request skylersemailaddress-debug/Botomatic#322 (Packet proj_1777645492884-m1-p1)
✓ Closed pull request skylersemailaddress-debug/Botomatic#321 (Packet proj_1777645492557-m1-p1)
✓ Closed pull request skylersemailaddress-debug/Botomatic#320 (Packet proj_1777645492709-m1-p1)
✓ Closed pull request skylersemailaddress-debug/Botomatic#319 (Packet proj_1777645492850-m1-p1)
✓ Closed pull request skylersemailaddress-debug/Botomatic#318 (Packet proj_1777645491565-m1-p1)
✓ Closed pull request skylersemailaddress-debug/Botomatic#317 (Packet proj_1777645491422-m1-p1)
✓ Closed pull request skylersemailaddress-debug/Botomatic#316 (Packet proj_1777645491068-m1-p1)
✓ Closed pull request skylersemailaddress-debug/Botomatic#315 (Packet proj_1777645491193-m1-p1)
✓ Closed pull request skylersemailaddress-debug/Botomatic#314 (Packet proj_1777645491103-m1-p1)
✓ Closed pull request skylersemailaddress-debug/Botomatic#313 (Packet proj_1777645491026-m1-p1)
✓ Closed pull request skylersemailaddress-debug/Botomatic#312 (Packet proj_1777645490851-m1-p1)
✓ Closed pull request skylersemailaddress-debug/Botomatic#311 (Packet proj_1777645489453-m1-p1)
✓ Closed pull request skylersemailaddress-debug/Botomatic#310 (Packet proj_1777645489336-m1-p1)
✓ Closed pull request skylersemailaddress-debug/Botomatic#309 (Packet proj_1777645489428-m1-p1)
✓ Closed pull request skylersemailaddress-debug/Botomatic#308 (Packet proj_1777645489435-m1-p1)
✓ Closed pull request skylersemailaddress-debug/Botomatic#307 (Packet proj_1777645489194-m1-p1)
✓ Closed pull request skylersemailaddress-debug/Botomatic#306 (Packet proj_1777645489074-m1-p1)
✓ Closed pull request skylersemailaddress-debug/Botomatic#305 (Packet proj_1777645489063-m1-p1)
✓ Closed pull request skylersemailaddress-debug/Botomatic#304 (Packet proj_1777645488795-m1-p1)
✓ Closed pull request skylersemailaddress-debug/Botomatic#303 (Packet proj_1777645487609-m1-p1)
✓ Closed pull request skylersemailaddress-debug/Botomatic#302 (Packet proj_1777645487444-m1-p1)
✓ Closed pull request skylersemailaddress-debug/Botomatic#301 (Packet proj_1777645487258-m1-p1)
✓ Closed pull request skylersemailaddress-debug/Botomatic#300 (Packet proj_1777645487296-m1-p1)
✓ Closed pull request skylersemailaddress-debug/Botomatic#299 (Packet proj_1777645487211-m1-p1)
✓ Closed pull request skylersemailaddress-debug/Botomatic#298 (Packet proj_1777645487161-m1-p1)
✓ Closed pull request skylersemailaddress-debug/Botomatic#297 (Packet proj_1777645486969-m1-p1)
✓ Closed pull request skylersemailaddress-debug/Botomatic#296 (Packet proj_1777645486671-m1-p1)
✓ Closed pull request skylersemailaddress-debug/Botomatic#295 (Packet proj_1777645485428-m1-p1)
✓ Closed pull request skylersemailaddress-debug/Botomatic#294 (Packet proj_1777645485025-m1-p1)
✓ Closed pull request skylersemailaddress-debug/Botomatic#293 (Packet proj_1777645484975-m1-p1)
✓ Closed pull request skylersemailaddress-debug/Botomatic#292 (Packet proj_1777645485069-m1-p1)
✓ Closed pull request skylersemailaddress-debug/Botomatic#291 (Packet proj_1777645485045-m1-p1)
✓ Closed pull request skylersemailaddress-debug/Botomatic#290 (Packet proj_1777645484770-m1-p1)
✓ Closed pull request skylersemailaddress-debug/Botomatic#289 (Packet proj_1777645483875-m1-p1)
✓ Closed pull request skylersemailaddress-debug/Botomatic#288 (Packet proj_1777645482219-m1-p1)
✓ Closed pull request skylersemailaddress-debug/Botomatic#287 (Packet proj_1777645482402-m1-p1)
✓ Closed pull request skylersemailaddress-debug/Botomatic#286 (Packet proj_1777645482286-m1-p1)
✓ Closed pull request skylersemailaddress-debug/Botomatic#285 (Packet proj_1777645482291-m1-p1)
✓ Closed pull request skylersemailaddress-debug/Botomatic#284 (Packet proj_1777645482094-m1-p1)
✓ Closed pull request skylersemailaddress-debug/Botomatic#283 (Packet proj_1777645482050-m1-p1)
✓ Closed pull request skylersemailaddress-debug/Botomatic#282 (Packet proj_1777645481926-m1-p1)
✓ Closed pull request skylersemailaddress-debug/Botomatic#281 (Packet proj_1777645481767-m1-p1)
✓ Closed pull request skylersemailaddress-debug/Botomatic#280 (Packet proj_1777645479974-m1-p1)
✓ Closed pull request skylersemailaddress-debug/Botomatic#279 (Packet proj_1777645480016-m1-p1)
✓ Closed pull request skylersemailaddress-debug/Botomatic#278 (Packet proj_1777645479713-m1-p1)
✓ Closed pull request skylersemailaddress-debug/Botomatic#277 (Packet proj_1777645479777-m1-p1)
✓ Closed pull request skylersemailaddress-debug/Botomatic#276 (Packet proj_1777645479699-m1-p1)
✓ Closed pull request skylersemailaddress-debug/Botomatic#275 (Packet proj_1777645479733-m1-p1)
✓ Closed pull request skylersemailaddress-debug/Botomatic#274 (Packet proj_1777645479714-m1-p1)
✓ Closed pull request skylersemailaddress-debug/Botomatic#273 (Packet proj_1777645479555-m1-p1)
✓ Closed pull request skylersemailaddress-debug/Botomatic#272 (Packet proj_1777645477088-m1-p1)
✓ Closed pull request skylersemailaddress-debug/Botomatic#271 (Packet proj_1777645477084-m1-p1)
✓ Closed pull request skylersemailaddress-debug/Botomatic#270 (Packet proj_1777645477091-m1-p1)
✓ Closed pull request skylersemailaddress-debug/Botomatic#269 (Packet proj_1777645477090-m1-p1)
✓ Closed pull request skylersemailaddress-debug/Botomatic#268 (Packet proj_1777645477093-m1-p1)
✓ Closed pull request skylersemailaddress-debug/Botomatic#267 (Packet proj_1777645477085-m1-p1)
✓ Closed pull request skylersemailaddress-debug/Botomatic#266 (Packet proj_1777645477080-m1-p1)
✓ Closed pull request skylersemailaddress-debug/Botomatic#265 (Packet proj_1777645477096-m1-p1)
✓ Closed pull request skylersemailaddress-debug/Botomatic#264 (Packet proj_1777625847029-m1-p1)
✓ Closed pull request skylersemailaddress-debug/Botomatic#263 (Packet proj_1777625845633-m1-p1)
✓ Closed pull request skylersemailaddress-debug/Botomatic#262 (Packet proj_1777625845360-m1-p1)
✓ Closed pull request skylersemailaddress-debug/Botomatic#261 (Packet proj_1777625843720-m1-p1)
✓ Closed pull request skylersemailaddress-debug/Botomatic#260 (Packet proj_1777625843401-m1-p1)
✓ Closed pull request skylersemailaddress-debug/Botomatic#259 (Packet proj_1777625843400-m1-p1)
✓ Closed pull request skylersemailaddress-debug/Botomatic#258 (Packet proj_1777625843395-m1-p1)
✓ Closed pull request skylersemailaddress-debug/Botomatic#257 (Packet proj_1777625842095-m1-p1)
✓ Closed pull request skylersemailaddress-debug/Botomatic#256 (Packet proj_1777625841791-m1-p1)
✓ Closed pull request skylersemailaddress-debug/Botomatic#255 (Packet proj_1777625841792-m1-p1)
✓ Closed pull request skylersemailaddress-debug/Botomatic#254 (Packet proj_1777625841790-m1-p1)
✓ Closed pull request skylersemailaddress-debug/Botomatic#253 (Packet proj_1777625841779-m1-p1)
✓ Closed pull request skylersemailaddress-debug/Botomatic#252 (Packet proj_1777625841786-m1-p1)
✓ Closed pull request skylersemailaddress-debug/Botomatic#251 (Packet proj_1777625833225-m1-p1)
✓ Closed pull request skylersemailaddress-debug/Botomatic#250 (Packet proj_1777625841789-m1-p1)
✓ Closed pull request skylersemailaddress-debug/Botomatic#249 (Packet proj_1777625832985-m1-p1)
✓ Closed pull request skylersemailaddress-debug/Botomatic#248 (Packet proj_1777625832986-m1-p1)
✓ Closed pull request skylersemailaddress-debug/Botomatic#247 (Packet proj_1777625832764-m1-p1)
✓ Closed pull request skylersemailaddress-debug/Botomatic#246 (Packet proj_1777625832782-m1-p1)
✓ Closed pull request skylersemailaddress-debug/Botomatic#245 (Packet proj_1777625832405-m1-p1)
✓ Closed pull request skylersemailaddress-debug/Botomatic#244 (Packet proj_1777625830964-m1-p1)
✓ Closed pull request skylersemailaddress-debug/Botomatic#243 (Packet proj_1777625830963-m1-p1)
✓ Closed pull request skylersemailaddress-debug/Botomatic#242 (Packet proj_1777625830870-m1-p1)
✓ Closed pull request skylersemailaddress-debug/Botomatic#241 (Packet proj_1777625830928-m1-p1)
✓ Closed pull request skylersemailaddress-debug/Botomatic#240 (Packet proj_1777625830774-m1-p1)
✓ Closed pull request skylersemailaddress-debug/Botomatic#239 (Packet proj_1777625830572-m1-p1)
✓ Closed pull request skylersemailaddress-debug/Botomatic#238 (Packet proj_1777625829251-m1-p1)
✓ Closed pull request skylersemailaddress-debug/Botomatic#237 (Packet proj_1777625829150-m1-p1)
✓ Closed pull request skylersemailaddress-debug/Botomatic#236 (Packet proj_1777625829198-m1-p1)
✓ Closed pull request skylersemailaddress-debug/Botomatic#235 (Packet proj_1777625829109-m1-p1)
✓ Closed pull request skylersemailaddress-debug/Botomatic#234 (Packet proj_1777625828945-m1-p1)
✓ Closed pull request skylersemailaddress-debug/Botomatic#233 (Packet proj_1777625828708-m1-p1)
✓ Closed pull request skylersemailaddress-debug/Botomatic#232 (Packet proj_1777625828774-m1-p1)
✓ Closed pull request skylersemailaddress-debug/Botomatic#231 (Packet proj_1777625828578-m1-p1)
✓ Closed pull request skylersemailaddress-debug/Botomatic#230 (Packet proj_1777625825077-m1-p1)
✓ Closed pull request skylersemailaddress-debug/Botomatic#229 (Packet proj_1777625824827-m1-p1)
✓ Closed pull request skylersemailaddress-debug/Botomatic#228 (Packet proj_1777625825020-m1-p1)
✓ Closed pull request skylersemailaddress-debug/Botomatic#227 (Packet proj_1777625824960-m1-p1)
✓ Closed pull request skylersemailaddress-debug/Botomatic#226 (Packet proj_1777625824726-m1-p1)
✓ Closed pull request skylersemailaddress-debug/Botomatic#225 (Packet proj_1777625824564-m1-p1)
✓ Closed pull request skylersemailaddress-debug/Botomatic#224 (Packet proj_1777625824527-m1-p1)
✓ Closed pull request skylersemailaddress-debug/Botomatic#223 (Packet proj_1777625824558-m1-p1)
✓ Closed pull request skylersemailaddress-debug/Botomatic#222 (Packet proj_1777625823604-m1-p1)
✓ Closed pull request skylersemailaddress-debug/Botomatic#221 (Packet proj_1777625823396-m1-p1)
✓ Closed pull request skylersemailaddress-debug/Botomatic#220 (Packet proj_1777625823443-m1-p1)
✓ Closed pull request skylersemailaddress-debug/Botomatic#219 (Packet proj_1777625823299-m1-p1)
✓ Closed pull request skylersemailaddress-debug/Botomatic#218 (Packet proj_1777625823303-m1-p1)
✓ Closed pull request skylersemailaddress-debug/Botomatic#217 (Packet proj_1777625823182-m1-p1)
✓ Closed pull request skylersemailaddress-debug/Botomatic#216 (Packet proj_1777625823121-m1-p1)
✓ Closed pull request skylersemailaddress-debug/Botomatic#215 (Packet proj_1777625822958-m1-p1)
✓ Closed pull request skylersemailaddress-debug/Botomatic#214 (Packet proj_1777625821917-m1-p1)
✓ Closed pull request skylersemailaddress-debug/Botomatic#213 (Packet proj_1777625821091-m1-p1)
✓ Closed pull request skylersemailaddress-debug/Botomatic#212 (Packet proj_1777625821512-m1-p1)
✓ Closed pull request skylersemailaddress-debug/Botomatic#211 (Packet proj_1777625821076-m1-p1)
✓ Closed pull request skylersemailaddress-debug/Botomatic#210 (Packet proj_1777625821486-m1-p1)
✓ Closed pull request skylersemailaddress-debug/Botomatic#209 (Packet proj_1777625821046-m1-p1)
✓ Closed pull request skylersemailaddress-debug/Botomatic#208 (Packet proj_1777625821121-m1-p1)
✓ Closed pull request skylersemailaddress-debug/Botomatic#207 (Packet proj_1777625821005-m1-p1)
✓ Closed pull request skylersemailaddress-debug/Botomatic#206 (Packet proj_1777625819797-m1-p1)
✓ Closed pull request skylersemailaddress-debug/Botomatic#205 (Packet proj_1777625819676-m1-p1)
✓ Closed pull request skylersemailaddress-debug/Botomatic#204 (Packet proj_1777625819570-m1-p1)
✓ Closed pull request skylersemailaddress-debug/Botomatic#203 (Packet proj_1777625819358-m1-p1)
✓ Closed pull request skylersemailaddress-debug/Botomatic#202 (Packet proj_1777625819349-m1-p1)
✓ Closed pull request skylersemailaddress-debug/Botomatic#201 (Packet proj_1777625819192-m1-p1)
✓ Closed pull request skylersemailaddress-debug/Botomatic#200 (Packet proj_1777625819230-m1-p1)
✓ Closed pull request skylersemailaddress-debug/Botomatic#199 (Packet proj_1777625818917-m1-p1)
✓ Closed pull request skylersemailaddress-debug/Botomatic#198 (Packet proj_1777625818067-m1-p1)
✓ Closed pull request skylersemailaddress-debug/Botomatic#197 (Packet proj_1777625818000-m1-p1)
✓ Closed pull request skylersemailaddress-debug/Botomatic#196 (Packet proj_1777625817789-m1-p1)
✓ Closed pull request skylersemailaddress-debug/Botomatic#195 (Packet proj_1777625817213-m1-p1)
✓ Closed pull request skylersemailaddress-debug/Botomatic#194 (Packet proj_1777625817495-m1-p1)
✓ Closed pull request skylersemailaddress-debug/Botomatic#193 (Packet proj_1777625817447-m1-p1)
✓ Closed pull request skylersemailaddress-debug/Botomatic#192 (Packet proj_1777625817180-m1-p1)
✓ Closed pull request skylersemailaddress-debug/Botomatic#191 (Packet proj_1777625817028-m1-p1)
✓ Closed pull request skylersemailaddress-debug/Botomatic#190 (Packet proj_1777625815962-m1-p1)
✓ Closed pull request skylersemailaddress-debug/Botomatic#189 (Packet proj_1777625813295-m1-p1)
✓ Closed pull request skylersemailaddress-debug/Botomatic#188 (Packet proj_1777625815714-m1-p1)
✓ Closed pull request skylersemailaddress-debug/Botomatic#187 (Packet proj_1777625815288-m1-p1)
✓ Closed pull request skylersemailaddress-debug/Botomatic#186 (Packet proj_1777625815122-m1-p1)
✓ Closed pull request skylersemailaddress-debug/Botomatic#185 (Packet proj_1777625815115-m1-p1)
✓ Closed pull request skylersemailaddress-debug/Botomatic#184 (Packet proj_1777625814966-m1-p1)
✓ Closed pull request skylersemailaddress-debug/Botomatic#183 (Packet proj_1777625814931-m1-p1)
✓ Closed pull request skylersemailaddress-debug/Botomatic#182 (Packet proj_1777625814264-m1-p1)
✓ Closed pull request skylersemailaddress-debug/Botomatic#181 (Packet proj_1777625813201-m1-p1)
✓ Closed pull request skylersemailaddress-debug/Botomatic#180 (Packet proj_1777625813516-m1-p1)
✓ Closed pull request skylersemailaddress-debug/Botomatic#179 (Packet proj_1777625813176-m1-p1)
✓ Closed pull request skylersemailaddress-debug/Botomatic#178 (Packet proj_1777625813231-m1-p1)
✓ Closed pull request skylersemailaddress-debug/Botomatic#177 (Packet proj_1777625813177-m1-p1)
✓ Closed pull request skylersemailaddress-debug/Botomatic#176 (Packet proj_1777625813152-m1-p1)
✓ Closed pull request skylersemailaddress-debug/Botomatic#175 (Packet proj_1777625809660-m1-p1)
✓ Closed pull request skylersemailaddress-debug/Botomatic#174 (Packet proj_1777625809647-m1-p1)
✓ Closed pull request skylersemailaddress-debug/Botomatic#173 (Packet proj_1777625809651-m1-p1)
✓ Closed pull request skylersemailaddress-debug/Botomatic#172 (Packet proj_1777625809665-m1-p1)
✓ Closed pull request skylersemailaddress-debug/Botomatic#171 (Packet proj_1777625809656-m1-p1)
✓ Closed pull request skylersemailaddress-debug/Botomatic#170 (Packet proj_1777625809662-m1-p1)
✓ Closed pull request skylersemailaddress-debug/Botomatic#169 (Packet proj_1777625809653-m1-p1)
✓ Closed pull request skylersemailaddress-debug/Botomatic#168 (Packet proj_1777625809658-m1-p1)
